
**************************************************  Experiment 6 | Version 1 **************************************************

Running model pipeline for data fold 1...
/nas-ctm01/homes/jmalva/.conda/envs/lung_fusion_env/lib/python3.11/site-packages/skimage/feature/texture.py:385: UserWarning: Applying `local_binary_pattern` to floating-point images may give unexpected results when small numerical differences between adjacent pixels are present. It is recommended to use this function with images of integer dtype.
  warnings.warn(
...model pipeline for data fold 1 has run!

Running model pipeline for data fold 2...
/nas-ctm01/homes/jmalva/.conda/envs/lung_fusion_env/lib/python3.11/site-packages/skimage/feature/texture.py:385: UserWarning: Applying `local_binary_pattern` to floating-point images may give unexpected results when small numerical differences between adjacent pixels are present. It is recommended to use this function with images of integer dtype.
  warnings.warn(
...model pipeline for data fold 2 has run!

Running model pipeline for data fold 3...
/nas-ctm01/homes/jmalva/.conda/envs/lung_fusion_env/lib/python3.11/site-packages/skimage/feature/texture.py:385: UserWarning: Applying `local_binary_pattern` to floating-point images may give unexpected results when small numerical differences between adjacent pixels are present. It is recommended to use this function with images of integer dtype.
  warnings.warn(
...model pipeline for data fold 3 has run!

Running model pipeline for data fold 4...
/nas-ctm01/homes/jmalva/.conda/envs/lung_fusion_env/lib/python3.11/site-packages/skimage/feature/texture.py:385: UserWarning: Applying `local_binary_pattern` to floating-point images may give unexpected results when small numerical differences between adjacent pixels are present. It is recommended to use this function with images of integer dtype.
  warnings.warn(
...model pipeline for data fold 4 has run!

Running model pipeline for data fold 5...
/nas-ctm01/homes/jmalva/.conda/envs/lung_fusion_env/lib/python3.11/site-packages/skimage/feature/texture.py:385: UserWarning: Applying `local_binary_pattern` to floating-point images may give unexpected results when small numerical differences between adjacent pixels are present. It is recommended to use this function with images of integer dtype.
  warnings.warn(
...model pipeline for data fold 5 has run!
