
**************************************************  Experiment 6 | Version 1 **************************************************

Running model pipeline for data fold 1...
/nas-ctm01/homes/jmalva/.conda/envs/lung_fusion_env/lib/python3.11/site-packages/skimage/feature/texture.py:385: UserWarning: Applying `local_binary_pattern` to floating-point images may give unexpected results when small numerical differences between adjacent pixels are present. It is recommended to use this function with images of integer dtype.
  warnings.warn(
...model pipeline for data fold 1 has run!

Running model pipeline for data fold 2...
/nas-ctm01/homes/jmalva/.conda/envs/lung_fusion_env/lib/python3.11/site-packages/skimage/feature/texture.py:385: UserWarning: Applying `local_binary_pattern` to floating-point images may give unexpected results when small numerical differences between adjacent pixels are present. It is recommended to use this function with images of integer dtype.
  warnings.warn(
...model pipeline for data fold 2 has run!

Running model pipeline for data fold 3...
/nas-ctm01/homes/jmalva/.conda/envs/lung_fusion_env/lib/python3.11/site-packages/skimage/feature/texture.py:385: UserWarning: Applying `local_binary_pattern` to floating-point images may give unexpected results when small numerical differences between adjacent pixels are present. It is recommended to use this function with images of integer dtype.
  warnings.warn(
...model pipeline for data fold 3 has run!

Running model pipeline for data fold 4...
/nas-ctm01/homes/jmalva/.conda/envs/lung_fusion_env/lib/python3.11/site-packages/skimage/feature/texture.py:385: UserWarning: Applying `local_binary_pattern` to floating-point images may give unexpected results when small numerical differences between adjacent pixels are present. It is recommended to use this function with images of integer dtype.
  warnings.warn(
...model pipeline for data fold 4 has run!

Running model pipeline for data fold 5...
/nas-ctm01/homes/jmalva/.conda/envs/lung_fusion_env/lib/python3.11/site-packages/skimage/feature/texture.py:385: UserWarning: Applying `local_binary_pattern` to floating-point images may give unexpected results when small numerical differences between adjacent pixels are present. It is recommended to use this function with images of integer dtype.
  warnings.warn(
...model pipeline for data fold 5 has run!

**************************************************  Experiment 6 | Version 2 **************************************************

Running model pipeline for data fold 1...
/nas-ctm01/homes/jmalva/.conda/envs/lung_fusion_env/lib/python3.11/site-packages/skimage/feature/texture.py:385: UserWarning:

Applying `local_binary_pattern` to floating-point images may give unexpected results when small numerical differences between adjacent pixels are present. It is recommended to use this function with images of integer dtype.

...model pipeline for data fold 1 has run!

Running model pipeline for data fold 2...
/nas-ctm01/homes/jmalva/.conda/envs/lung_fusion_env/lib/python3.11/site-packages/skimage/feature/texture.py:385: UserWarning:

Applying `local_binary_pattern` to floating-point images may give unexpected results when small numerical differences between adjacent pixels are present. It is recommended to use this function with images of integer dtype.

...model pipeline for data fold 2 has run!

Running model pipeline for data fold 3...
/nas-ctm01/homes/jmalva/.conda/envs/lung_fusion_env/lib/python3.11/site-packages/skimage/feature/texture.py:385: UserWarning:

Applying `local_binary_pattern` to floating-point images may give unexpected results when small numerical differences between adjacent pixels are present. It is recommended to use this function with images of integer dtype.

...model pipeline for data fold 3 has run!

Running model pipeline for data fold 4...
/nas-ctm01/homes/jmalva/.conda/envs/lung_fusion_env/lib/python3.11/site-packages/skimage/feature/texture.py:385: UserWarning:

Applying `local_binary_pattern` to floating-point images may give unexpected results when small numerical differences between adjacent pixels are present. It is recommended to use this function with images of integer dtype.

...model pipeline for data fold 4 has run!

Running model pipeline for data fold 5...
/nas-ctm01/homes/jmalva/.conda/envs/lung_fusion_env/lib/python3.11/site-packages/skimage/feature/texture.py:385: UserWarning:

Applying `local_binary_pattern` to floating-point images may give unexpected results when small numerical differences between adjacent pixels are present. It is recommended to use this function with images of integer dtype.

...model pipeline for data fold 5 has run!

**************************************************  Experiment 6 | Version 3 **************************************************

Running model pipeline for data fold 1...
/nas-ctm01/homes/jmalva/.conda/envs/lung_fusion_env/lib/python3.11/site-packages/skimage/feature/texture.py:385: UserWarning:

Applying `local_binary_pattern` to floating-point images may give unexpected results when small numerical differences between adjacent pixels are present. It is recommended to use this function with images of integer dtype.

...model pipeline for data fold 1 has run!

Running model pipeline for data fold 2...
/nas-ctm01/homes/jmalva/.conda/envs/lung_fusion_env/lib/python3.11/site-packages/skimage/feature/texture.py:385: UserWarning:

Applying `local_binary_pattern` to floating-point images may give unexpected results when small numerical differences between adjacent pixels are present. It is recommended to use this function with images of integer dtype.

...model pipeline for data fold 2 has run!

Running model pipeline for data fold 3...
/nas-ctm01/homes/jmalva/.conda/envs/lung_fusion_env/lib/python3.11/site-packages/skimage/feature/texture.py:385: UserWarning:

Applying `local_binary_pattern` to floating-point images may give unexpected results when small numerical differences between adjacent pixels are present. It is recommended to use this function with images of integer dtype.

...model pipeline for data fold 3 has run!

Running model pipeline for data fold 4...
/nas-ctm01/homes/jmalva/.conda/envs/lung_fusion_env/lib/python3.11/site-packages/skimage/feature/texture.py:385: UserWarning:

Applying `local_binary_pattern` to floating-point images may give unexpected results when small numerical differences between adjacent pixels are present. It is recommended to use this function with images of integer dtype.

...model pipeline for data fold 4 has run!

Running model pipeline for data fold 5...
/nas-ctm01/homes/jmalva/.conda/envs/lung_fusion_env/lib/python3.11/site-packages/skimage/feature/texture.py:385: UserWarning:

Applying `local_binary_pattern` to floating-point images may give unexpected results when small numerical differences between adjacent pixels are present. It is recommended to use this function with images of integer dtype.

...model pipeline for data fold 5 has run!

**************************************************  Experiment 6 | Version 4 **************************************************

Running model pipeline for data fold 1...
/nas-ctm01/homes/jmalva/.conda/envs/lung_fusion_env/lib/python3.11/site-packages/skimage/feature/texture.py:385: UserWarning:

Applying `local_binary_pattern` to floating-point images may give unexpected results when small numerical differences between adjacent pixels are present. It is recommended to use this function with images of integer dtype.

...model pipeline for data fold 1 has run!

Running model pipeline for data fold 2...
/nas-ctm01/homes/jmalva/.conda/envs/lung_fusion_env/lib/python3.11/site-packages/skimage/feature/texture.py:385: UserWarning:

Applying `local_binary_pattern` to floating-point images may give unexpected results when small numerical differences between adjacent pixels are present. It is recommended to use this function with images of integer dtype.

...model pipeline for data fold 2 has run!

Running model pipeline for data fold 3...
/nas-ctm01/homes/jmalva/.conda/envs/lung_fusion_env/lib/python3.11/site-packages/skimage/feature/texture.py:385: UserWarning:

Applying `local_binary_pattern` to floating-point images may give unexpected results when small numerical differences between adjacent pixels are present. It is recommended to use this function with images of integer dtype.

...model pipeline for data fold 3 has run!

Running model pipeline for data fold 4...
/nas-ctm01/homes/jmalva/.conda/envs/lung_fusion_env/lib/python3.11/site-packages/skimage/feature/texture.py:385: UserWarning:

Applying `local_binary_pattern` to floating-point images may give unexpected results when small numerical differences between adjacent pixels are present. It is recommended to use this function with images of integer dtype.

...model pipeline for data fold 4 has run!

Running model pipeline for data fold 5...
/nas-ctm01/homes/jmalva/.conda/envs/lung_fusion_env/lib/python3.11/site-packages/skimage/feature/texture.py:385: UserWarning:

Applying `local_binary_pattern` to floating-point images may give unexpected results when small numerical differences between adjacent pixels are present. It is recommended to use this function with images of integer dtype.

...model pipeline for data fold 5 has run!

**************************************************  Experiment 6 | Version 5 **************************************************

Running model pipeline for data fold 1...
/nas-ctm01/homes/jmalva/.conda/envs/lung_fusion_env/lib/python3.11/site-packages/skimage/feature/texture.py:385: UserWarning:

Applying `local_binary_pattern` to floating-point images may give unexpected results when small numerical differences between adjacent pixels are present. It is recommended to use this function with images of integer dtype.

...model pipeline for data fold 1 has run!

Running model pipeline for data fold 2...
/nas-ctm01/homes/jmalva/.conda/envs/lung_fusion_env/lib/python3.11/site-packages/skimage/feature/texture.py:385: UserWarning:

Applying `local_binary_pattern` to floating-point images may give unexpected results when small numerical differences between adjacent pixels are present. It is recommended to use this function with images of integer dtype.

...model pipeline for data fold 2 has run!

Running model pipeline for data fold 3...
/nas-ctm01/homes/jmalva/.conda/envs/lung_fusion_env/lib/python3.11/site-packages/skimage/feature/texture.py:385: UserWarning:

Applying `local_binary_pattern` to floating-point images may give unexpected results when small numerical differences between adjacent pixels are present. It is recommended to use this function with images of integer dtype.

...model pipeline for data fold 3 has run!

Running model pipeline for data fold 4...
/nas-ctm01/homes/jmalva/.conda/envs/lung_fusion_env/lib/python3.11/site-packages/skimage/feature/texture.py:385: UserWarning:

Applying `local_binary_pattern` to floating-point images may give unexpected results when small numerical differences between adjacent pixels are present. It is recommended to use this function with images of integer dtype.

...model pipeline for data fold 4 has run!

Running model pipeline for data fold 5...
/nas-ctm01/homes/jmalva/.conda/envs/lung_fusion_env/lib/python3.11/site-packages/skimage/feature/texture.py:385: UserWarning:

Applying `local_binary_pattern` to floating-point images may give unexpected results when small numerical differences between adjacent pixels are present. It is recommended to use this function with images of integer dtype.

...model pipeline for data fold 5 has run!

**************************************************  Experiment 6 | Version 6 **************************************************

Running model pipeline for data fold 1...
/nas-ctm01/homes/jmalva/.conda/envs/lung_fusion_env/lib/python3.11/site-packages/skimage/feature/texture.py:385: UserWarning:

Applying `local_binary_pattern` to floating-point images may give unexpected results when small numerical differences between adjacent pixels are present. It is recommended to use this function with images of integer dtype.

...model pipeline for data fold 1 has run!

Running model pipeline for data fold 2...
/nas-ctm01/homes/jmalva/.conda/envs/lung_fusion_env/lib/python3.11/site-packages/skimage/feature/texture.py:385: UserWarning:

Applying `local_binary_pattern` to floating-point images may give unexpected results when small numerical differences between adjacent pixels are present. It is recommended to use this function with images of integer dtype.

...model pipeline for data fold 2 has run!

Running model pipeline for data fold 3...
/nas-ctm01/homes/jmalva/.conda/envs/lung_fusion_env/lib/python3.11/site-packages/skimage/feature/texture.py:385: UserWarning:

Applying `local_binary_pattern` to floating-point images may give unexpected results when small numerical differences between adjacent pixels are present. It is recommended to use this function with images of integer dtype.

...model pipeline for data fold 3 has run!

Running model pipeline for data fold 4...
/nas-ctm01/homes/jmalva/.conda/envs/lung_fusion_env/lib/python3.11/site-packages/skimage/feature/texture.py:385: UserWarning:

Applying `local_binary_pattern` to floating-point images may give unexpected results when small numerical differences between adjacent pixels are present. It is recommended to use this function with images of integer dtype.

...model pipeline for data fold 4 has run!

Running model pipeline for data fold 5...
/nas-ctm01/homes/jmalva/.conda/envs/lung_fusion_env/lib/python3.11/site-packages/skimage/feature/texture.py:385: UserWarning:

Applying `local_binary_pattern` to floating-point images may give unexpected results when small numerical differences between adjacent pixels are present. It is recommended to use this function with images of integer dtype.

...model pipeline for data fold 5 has run!

**************************************************  Experiment 6 | Version 7 **************************************************

Running model pipeline for data fold 1...
/nas-ctm01/homes/jmalva/.conda/envs/lung_fusion_env/lib/python3.11/site-packages/skimage/feature/texture.py:385: UserWarning:

Applying `local_binary_pattern` to floating-point images may give unexpected results when small numerical differences between adjacent pixels are present. It is recommended to use this function with images of integer dtype.

...model pipeline for data fold 1 has run!

Running model pipeline for data fold 2...
/nas-ctm01/homes/jmalva/.conda/envs/lung_fusion_env/lib/python3.11/site-packages/skimage/feature/texture.py:385: UserWarning:

Applying `local_binary_pattern` to floating-point images may give unexpected results when small numerical differences between adjacent pixels are present. It is recommended to use this function with images of integer dtype.

...model pipeline for data fold 2 has run!

Running model pipeline for data fold 3...
/nas-ctm01/homes/jmalva/.conda/envs/lung_fusion_env/lib/python3.11/site-packages/skimage/feature/texture.py:385: UserWarning:

Applying `local_binary_pattern` to floating-point images may give unexpected results when small numerical differences between adjacent pixels are present. It is recommended to use this function with images of integer dtype.

...model pipeline for data fold 3 has run!

Running model pipeline for data fold 4...
/nas-ctm01/homes/jmalva/.conda/envs/lung_fusion_env/lib/python3.11/site-packages/skimage/feature/texture.py:385: UserWarning:

Applying `local_binary_pattern` to floating-point images may give unexpected results when small numerical differences between adjacent pixels are present. It is recommended to use this function with images of integer dtype.

...model pipeline for data fold 4 has run!

Running model pipeline for data fold 5...
/nas-ctm01/homes/jmalva/.conda/envs/lung_fusion_env/lib/python3.11/site-packages/skimage/feature/texture.py:385: UserWarning:

Applying `local_binary_pattern` to floating-point images may give unexpected results when small numerical differences between adjacent pixels are present. It is recommended to use this function with images of integer dtype.

...model pipeline for data fold 5 has run!

**************************************************  Experiment 6 | Version 8 **************************************************

Running model pipeline for data fold 1...
/nas-ctm01/homes/jmalva/.conda/envs/lung_fusion_env/lib/python3.11/site-packages/skimage/feature/texture.py:385: UserWarning:

Applying `local_binary_pattern` to floating-point images may give unexpected results when small numerical differences between adjacent pixels are present. It is recommended to use this function with images of integer dtype.

...model pipeline for data fold 1 has run!

Running model pipeline for data fold 2...
/nas-ctm01/homes/jmalva/.conda/envs/lung_fusion_env/lib/python3.11/site-packages/skimage/feature/texture.py:385: UserWarning:

Applying `local_binary_pattern` to floating-point images may give unexpected results when small numerical differences between adjacent pixels are present. It is recommended to use this function with images of integer dtype.

...model pipeline for data fold 2 has run!

Running model pipeline for data fold 3...
/nas-ctm01/homes/jmalva/.conda/envs/lung_fusion_env/lib/python3.11/site-packages/skimage/feature/texture.py:385: UserWarning:

Applying `local_binary_pattern` to floating-point images may give unexpected results when small numerical differences between adjacent pixels are present. It is recommended to use this function with images of integer dtype.

...model pipeline for data fold 3 has run!

Running model pipeline for data fold 4...
/nas-ctm01/homes/jmalva/.conda/envs/lung_fusion_env/lib/python3.11/site-packages/skimage/feature/texture.py:385: UserWarning:

Applying `local_binary_pattern` to floating-point images may give unexpected results when small numerical differences between adjacent pixels are present. It is recommended to use this function with images of integer dtype.

...model pipeline for data fold 4 has run!

Running model pipeline for data fold 5...
/nas-ctm01/homes/jmalva/.conda/envs/lung_fusion_env/lib/python3.11/site-packages/skimage/feature/texture.py:385: UserWarning:

Applying `local_binary_pattern` to floating-point images may give unexpected results when small numerical differences between adjacent pixels are present. It is recommended to use this function with images of integer dtype.

...model pipeline for data fold 5 has run!

**************************************************  Experiment 6 | Version 9 **************************************************

Running model pipeline for data fold 1...
/nas-ctm01/homes/jmalva/.conda/envs/lung_fusion_env/lib/python3.11/site-packages/skimage/feature/texture.py:385: UserWarning:

Applying `local_binary_pattern` to floating-point images may give unexpected results when small numerical differences between adjacent pixels are present. It is recommended to use this function with images of integer dtype.

...model pipeline for data fold 1 has run!

Running model pipeline for data fold 2...
/nas-ctm01/homes/jmalva/.conda/envs/lung_fusion_env/lib/python3.11/site-packages/skimage/feature/texture.py:385: UserWarning:

Applying `local_binary_pattern` to floating-point images may give unexpected results when small numerical differences between adjacent pixels are present. It is recommended to use this function with images of integer dtype.

...model pipeline for data fold 2 has run!

Running model pipeline for data fold 3...
/nas-ctm01/homes/jmalva/.conda/envs/lung_fusion_env/lib/python3.11/site-packages/skimage/feature/texture.py:385: UserWarning:

Applying `local_binary_pattern` to floating-point images may give unexpected results when small numerical differences between adjacent pixels are present. It is recommended to use this function with images of integer dtype.

...model pipeline for data fold 3 has run!

Running model pipeline for data fold 4...
/nas-ctm01/homes/jmalva/.conda/envs/lung_fusion_env/lib/python3.11/site-packages/skimage/feature/texture.py:385: UserWarning:

Applying `local_binary_pattern` to floating-point images may give unexpected results when small numerical differences between adjacent pixels are present. It is recommended to use this function with images of integer dtype.

...model pipeline for data fold 4 has run!

Running model pipeline for data fold 5...
/nas-ctm01/homes/jmalva/.conda/envs/lung_fusion_env/lib/python3.11/site-packages/skimage/feature/texture.py:385: UserWarning:

Applying `local_binary_pattern` to floating-point images may give unexpected results when small numerical differences between adjacent pixels are present. It is recommended to use this function with images of integer dtype.

...model pipeline for data fold 5 has run!

**************************************************  Experiment 6 | Version 10 **************************************************

Running model pipeline for data fold 1...
/nas-ctm01/homes/jmalva/.conda/envs/lung_fusion_env/lib/python3.11/site-packages/skimage/feature/texture.py:385: UserWarning:

Applying `local_binary_pattern` to floating-point images may give unexpected results when small numerical differences between adjacent pixels are present. It is recommended to use this function with images of integer dtype.

...model pipeline for data fold 1 has run!

Running model pipeline for data fold 2...
/nas-ctm01/homes/jmalva/.conda/envs/lung_fusion_env/lib/python3.11/site-packages/skimage/feature/texture.py:385: UserWarning:

Applying `local_binary_pattern` to floating-point images may give unexpected results when small numerical differences between adjacent pixels are present. It is recommended to use this function with images of integer dtype.

...model pipeline for data fold 2 has run!

Running model pipeline for data fold 3...
/nas-ctm01/homes/jmalva/.conda/envs/lung_fusion_env/lib/python3.11/site-packages/skimage/feature/texture.py:385: UserWarning:

Applying `local_binary_pattern` to floating-point images may give unexpected results when small numerical differences between adjacent pixels are present. It is recommended to use this function with images of integer dtype.

...model pipeline for data fold 3 has run!

Running model pipeline for data fold 4...
/nas-ctm01/homes/jmalva/.conda/envs/lung_fusion_env/lib/python3.11/site-packages/skimage/feature/texture.py:385: UserWarning:

Applying `local_binary_pattern` to floating-point images may give unexpected results when small numerical differences between adjacent pixels are present. It is recommended to use this function with images of integer dtype.

...model pipeline for data fold 4 has run!

Running model pipeline for data fold 5...
/nas-ctm01/homes/jmalva/.conda/envs/lung_fusion_env/lib/python3.11/site-packages/skimage/feature/texture.py:385: UserWarning:

Applying `local_binary_pattern` to floating-point images may give unexpected results when small numerical differences between adjacent pixels are present. It is recommended to use this function with images of integer dtype.

...model pipeline for data fold 5 has run!

**************************************************  Experiment 6 | Version 11 **************************************************

Running model pipeline for data fold 1...
/nas-ctm01/homes/jmalva/.conda/envs/lung_fusion_env/lib/python3.11/site-packages/skimage/feature/texture.py:385: UserWarning:

Applying `local_binary_pattern` to floating-point images may give unexpected results when small numerical differences between adjacent pixels are present. It is recommended to use this function with images of integer dtype.

...model pipeline for data fold 1 has run!

Running model pipeline for data fold 2...
/nas-ctm01/homes/jmalva/.conda/envs/lung_fusion_env/lib/python3.11/site-packages/skimage/feature/texture.py:385: UserWarning:

Applying `local_binary_pattern` to floating-point images may give unexpected results when small numerical differences between adjacent pixels are present. It is recommended to use this function with images of integer dtype.

...model pipeline for data fold 2 has run!

Running model pipeline for data fold 3...
/nas-ctm01/homes/jmalva/.conda/envs/lung_fusion_env/lib/python3.11/site-packages/skimage/feature/texture.py:385: UserWarning:

Applying `local_binary_pattern` to floating-point images may give unexpected results when small numerical differences between adjacent pixels are present. It is recommended to use this function with images of integer dtype.

...model pipeline for data fold 3 has run!

Running model pipeline for data fold 4...
/nas-ctm01/homes/jmalva/.conda/envs/lung_fusion_env/lib/python3.11/site-packages/skimage/feature/texture.py:385: UserWarning:

Applying `local_binary_pattern` to floating-point images may give unexpected results when small numerical differences between adjacent pixels are present. It is recommended to use this function with images of integer dtype.

...model pipeline for data fold 4 has run!

Running model pipeline for data fold 5...
/nas-ctm01/homes/jmalva/.conda/envs/lung_fusion_env/lib/python3.11/site-packages/skimage/feature/texture.py:385: UserWarning:

Applying `local_binary_pattern` to floating-point images may give unexpected results when small numerical differences between adjacent pixels are present. It is recommended to use this function with images of integer dtype.

...model pipeline for data fold 5 has run!

**************************************************  Experiment 6 | Version 12 **************************************************

Running model pipeline for data fold 1...
/nas-ctm01/homes/jmalva/.conda/envs/lung_fusion_env/lib/python3.11/site-packages/skimage/feature/texture.py:385: UserWarning:

Applying `local_binary_pattern` to floating-point images may give unexpected results when small numerical differences between adjacent pixels are present. It is recommended to use this function with images of integer dtype.

...model pipeline for data fold 1 has run!

Running model pipeline for data fold 2...
/nas-ctm01/homes/jmalva/.conda/envs/lung_fusion_env/lib/python3.11/site-packages/skimage/feature/texture.py:385: UserWarning:

Applying `local_binary_pattern` to floating-point images may give unexpected results when small numerical differences between adjacent pixels are present. It is recommended to use this function with images of integer dtype.

...model pipeline for data fold 2 has run!

Running model pipeline for data fold 3...
/nas-ctm01/homes/jmalva/.conda/envs/lung_fusion_env/lib/python3.11/site-packages/skimage/feature/texture.py:385: UserWarning:

Applying `local_binary_pattern` to floating-point images may give unexpected results when small numerical differences between adjacent pixels are present. It is recommended to use this function with images of integer dtype.

...model pipeline for data fold 3 has run!

Running model pipeline for data fold 4...
/nas-ctm01/homes/jmalva/.conda/envs/lung_fusion_env/lib/python3.11/site-packages/skimage/feature/texture.py:385: UserWarning:

Applying `local_binary_pattern` to floating-point images may give unexpected results when small numerical differences between adjacent pixels are present. It is recommended to use this function with images of integer dtype.

...model pipeline for data fold 4 has run!

Running model pipeline for data fold 5...
/nas-ctm01/homes/jmalva/.conda/envs/lung_fusion_env/lib/python3.11/site-packages/skimage/feature/texture.py:385: UserWarning:

Applying `local_binary_pattern` to floating-point images may give unexpected results when small numerical differences between adjacent pixels are present. It is recommended to use this function with images of integer dtype.

...model pipeline for data fold 5 has run!

**************************************************  Experiment 6 | Version 13 **************************************************

Running model pipeline for data fold 1...
/nas-ctm01/homes/jmalva/.conda/envs/lung_fusion_env/lib/python3.11/site-packages/skimage/feature/texture.py:385: UserWarning:

Applying `local_binary_pattern` to floating-point images may give unexpected results when small numerical differences between adjacent pixels are present. It is recommended to use this function with images of integer dtype.

...model pipeline for data fold 1 has run!

Running model pipeline for data fold 2...
/nas-ctm01/homes/jmalva/.conda/envs/lung_fusion_env/lib/python3.11/site-packages/skimage/feature/texture.py:385: UserWarning:

Applying `local_binary_pattern` to floating-point images may give unexpected results when small numerical differences between adjacent pixels are present. It is recommended to use this function with images of integer dtype.

...model pipeline for data fold 2 has run!

Running model pipeline for data fold 3...
/nas-ctm01/homes/jmalva/.conda/envs/lung_fusion_env/lib/python3.11/site-packages/skimage/feature/texture.py:385: UserWarning:

Applying `local_binary_pattern` to floating-point images may give unexpected results when small numerical differences between adjacent pixels are present. It is recommended to use this function with images of integer dtype.

...model pipeline for data fold 3 has run!

Running model pipeline for data fold 4...
/nas-ctm01/homes/jmalva/.conda/envs/lung_fusion_env/lib/python3.11/site-packages/skimage/feature/texture.py:385: UserWarning:

Applying `local_binary_pattern` to floating-point images may give unexpected results when small numerical differences between adjacent pixels are present. It is recommended to use this function with images of integer dtype.

...model pipeline for data fold 4 has run!

Running model pipeline for data fold 5...
/nas-ctm01/homes/jmalva/.conda/envs/lung_fusion_env/lib/python3.11/site-packages/skimage/feature/texture.py:385: UserWarning:

Applying `local_binary_pattern` to floating-point images may give unexpected results when small numerical differences between adjacent pixels are present. It is recommended to use this function with images of integer dtype.

...model pipeline for data fold 5 has run!

**************************************************  Experiment 6 | Version 14 **************************************************

Running model pipeline for data fold 1...
/nas-ctm01/homes/jmalva/.conda/envs/lung_fusion_env/lib/python3.11/site-packages/skimage/feature/texture.py:385: UserWarning:

Applying `local_binary_pattern` to floating-point images may give unexpected results when small numerical differences between adjacent pixels are present. It is recommended to use this function with images of integer dtype.

...model pipeline for data fold 1 has run!

Running model pipeline for data fold 2...
/nas-ctm01/homes/jmalva/.conda/envs/lung_fusion_env/lib/python3.11/site-packages/skimage/feature/texture.py:385: UserWarning:

Applying `local_binary_pattern` to floating-point images may give unexpected results when small numerical differences between adjacent pixels are present. It is recommended to use this function with images of integer dtype.

...model pipeline for data fold 2 has run!

Running model pipeline for data fold 3...
/nas-ctm01/homes/jmalva/.conda/envs/lung_fusion_env/lib/python3.11/site-packages/skimage/feature/texture.py:385: UserWarning:

Applying `local_binary_pattern` to floating-point images may give unexpected results when small numerical differences between adjacent pixels are present. It is recommended to use this function with images of integer dtype.

...model pipeline for data fold 3 has run!

Running model pipeline for data fold 4...
/nas-ctm01/homes/jmalva/.conda/envs/lung_fusion_env/lib/python3.11/site-packages/skimage/feature/texture.py:385: UserWarning:

Applying `local_binary_pattern` to floating-point images may give unexpected results when small numerical differences between adjacent pixels are present. It is recommended to use this function with images of integer dtype.

...model pipeline for data fold 4 has run!

Running model pipeline for data fold 5...
/nas-ctm01/homes/jmalva/.conda/envs/lung_fusion_env/lib/python3.11/site-packages/skimage/feature/texture.py:385: UserWarning:

Applying `local_binary_pattern` to floating-point images may give unexpected results when small numerical differences between adjacent pixels are present. It is recommended to use this function with images of integer dtype.

...model pipeline for data fold 5 has run!

**************************************************  Experiment 6 | Version 15 **************************************************

Running model pipeline for data fold 1...
/nas-ctm01/homes/jmalva/.conda/envs/lung_fusion_env/lib/python3.11/site-packages/skimage/feature/texture.py:385: UserWarning:

Applying `local_binary_pattern` to floating-point images may give unexpected results when small numerical differences between adjacent pixels are present. It is recommended to use this function with images of integer dtype.

...model pipeline for data fold 1 has run!

Running model pipeline for data fold 2...
/nas-ctm01/homes/jmalva/.conda/envs/lung_fusion_env/lib/python3.11/site-packages/skimage/feature/texture.py:385: UserWarning:

Applying `local_binary_pattern` to floating-point images may give unexpected results when small numerical differences between adjacent pixels are present. It is recommended to use this function with images of integer dtype.

...model pipeline for data fold 2 has run!

Running model pipeline for data fold 3...
/nas-ctm01/homes/jmalva/.conda/envs/lung_fusion_env/lib/python3.11/site-packages/skimage/feature/texture.py:385: UserWarning:

Applying `local_binary_pattern` to floating-point images may give unexpected results when small numerical differences between adjacent pixels are present. It is recommended to use this function with images of integer dtype.

...model pipeline for data fold 3 has run!

Running model pipeline for data fold 4...
/nas-ctm01/homes/jmalva/.conda/envs/lung_fusion_env/lib/python3.11/site-packages/skimage/feature/texture.py:385: UserWarning:

Applying `local_binary_pattern` to floating-point images may give unexpected results when small numerical differences between adjacent pixels are present. It is recommended to use this function with images of integer dtype.

...model pipeline for data fold 4 has run!

Running model pipeline for data fold 5...
/nas-ctm01/homes/jmalva/.conda/envs/lung_fusion_env/lib/python3.11/site-packages/skimage/feature/texture.py:385: UserWarning:

Applying `local_binary_pattern` to floating-point images may give unexpected results when small numerical differences between adjacent pixels are present. It is recommended to use this function with images of integer dtype.

...model pipeline for data fold 5 has run!

**************************************************  Experiment 6 | Version 16 **************************************************

Running model pipeline for data fold 1...
/nas-ctm01/homes/jmalva/.conda/envs/lung_fusion_env/lib/python3.11/site-packages/skimage/feature/texture.py:385: UserWarning:

Applying `local_binary_pattern` to floating-point images may give unexpected results when small numerical differences between adjacent pixels are present. It is recommended to use this function with images of integer dtype.

...model pipeline for data fold 1 has run!

Running model pipeline for data fold 2...
/nas-ctm01/homes/jmalva/.conda/envs/lung_fusion_env/lib/python3.11/site-packages/skimage/feature/texture.py:385: UserWarning:

Applying `local_binary_pattern` to floating-point images may give unexpected results when small numerical differences between adjacent pixels are present. It is recommended to use this function with images of integer dtype.

...model pipeline for data fold 2 has run!

Running model pipeline for data fold 3...
/nas-ctm01/homes/jmalva/.conda/envs/lung_fusion_env/lib/python3.11/site-packages/skimage/feature/texture.py:385: UserWarning:

Applying `local_binary_pattern` to floating-point images may give unexpected results when small numerical differences between adjacent pixels are present. It is recommended to use this function with images of integer dtype.

...model pipeline for data fold 3 has run!

Running model pipeline for data fold 4...
/nas-ctm01/homes/jmalva/.conda/envs/lung_fusion_env/lib/python3.11/site-packages/skimage/feature/texture.py:385: UserWarning:

Applying `local_binary_pattern` to floating-point images may give unexpected results when small numerical differences between adjacent pixels are present. It is recommended to use this function with images of integer dtype.

...model pipeline for data fold 4 has run!

Running model pipeline for data fold 5...
/nas-ctm01/homes/jmalva/.conda/envs/lung_fusion_env/lib/python3.11/site-packages/skimage/feature/texture.py:385: UserWarning:

Applying `local_binary_pattern` to floating-point images may give unexpected results when small numerical differences between adjacent pixels are present. It is recommended to use this function with images of integer dtype.

...model pipeline for data fold 5 has run!

**************************************************  Experiment 6 | Version 17 **************************************************

Running model pipeline for data fold 1...
/nas-ctm01/homes/jmalva/.conda/envs/lung_fusion_env/lib/python3.11/site-packages/skimage/feature/texture.py:385: UserWarning:

Applying `local_binary_pattern` to floating-point images may give unexpected results when small numerical differences between adjacent pixels are present. It is recommended to use this function with images of integer dtype.

...model pipeline for data fold 1 has run!

Running model pipeline for data fold 2...
/nas-ctm01/homes/jmalva/.conda/envs/lung_fusion_env/lib/python3.11/site-packages/skimage/feature/texture.py:385: UserWarning:

Applying `local_binary_pattern` to floating-point images may give unexpected results when small numerical differences between adjacent pixels are present. It is recommended to use this function with images of integer dtype.

...model pipeline for data fold 2 has run!

Running model pipeline for data fold 3...
/nas-ctm01/homes/jmalva/.conda/envs/lung_fusion_env/lib/python3.11/site-packages/skimage/feature/texture.py:385: UserWarning:

Applying `local_binary_pattern` to floating-point images may give unexpected results when small numerical differences between adjacent pixels are present. It is recommended to use this function with images of integer dtype.

...model pipeline for data fold 3 has run!

Running model pipeline for data fold 4...
/nas-ctm01/homes/jmalva/.conda/envs/lung_fusion_env/lib/python3.11/site-packages/skimage/feature/texture.py:385: UserWarning:

Applying `local_binary_pattern` to floating-point images may give unexpected results when small numerical differences between adjacent pixels are present. It is recommended to use this function with images of integer dtype.

...model pipeline for data fold 4 has run!

Running model pipeline for data fold 5...
/nas-ctm01/homes/jmalva/.conda/envs/lung_fusion_env/lib/python3.11/site-packages/skimage/feature/texture.py:385: UserWarning:

Applying `local_binary_pattern` to floating-point images may give unexpected results when small numerical differences between adjacent pixels are present. It is recommended to use this function with images of integer dtype.

...model pipeline for data fold 5 has run!

**************************************************  Experiment 6 | Version 18 **************************************************

Running model pipeline for data fold 1...
/nas-ctm01/homes/jmalva/.conda/envs/lung_fusion_env/lib/python3.11/site-packages/skimage/feature/texture.py:385: UserWarning:

Applying `local_binary_pattern` to floating-point images may give unexpected results when small numerical differences between adjacent pixels are present. It is recommended to use this function with images of integer dtype.

...model pipeline for data fold 1 has run!

Running model pipeline for data fold 2...
/nas-ctm01/homes/jmalva/.conda/envs/lung_fusion_env/lib/python3.11/site-packages/skimage/feature/texture.py:385: UserWarning:

Applying `local_binary_pattern` to floating-point images may give unexpected results when small numerical differences between adjacent pixels are present. It is recommended to use this function with images of integer dtype.

...model pipeline for data fold 2 has run!

Running model pipeline for data fold 3...
/nas-ctm01/homes/jmalva/.conda/envs/lung_fusion_env/lib/python3.11/site-packages/skimage/feature/texture.py:385: UserWarning:

Applying `local_binary_pattern` to floating-point images may give unexpected results when small numerical differences between adjacent pixels are present. It is recommended to use this function with images of integer dtype.

...model pipeline for data fold 3 has run!

Running model pipeline for data fold 4...
/nas-ctm01/homes/jmalva/.conda/envs/lung_fusion_env/lib/python3.11/site-packages/skimage/feature/texture.py:385: UserWarning:

Applying `local_binary_pattern` to floating-point images may give unexpected results when small numerical differences between adjacent pixels are present. It is recommended to use this function with images of integer dtype.

...model pipeline for data fold 4 has run!

Running model pipeline for data fold 5...
/nas-ctm01/homes/jmalva/.conda/envs/lung_fusion_env/lib/python3.11/site-packages/skimage/feature/texture.py:385: UserWarning:

Applying `local_binary_pattern` to floating-point images may give unexpected results when small numerical differences between adjacent pixels are present. It is recommended to use this function with images of integer dtype.

...model pipeline for data fold 5 has run!

**************************************************  Experiment 6 | Version 19 **************************************************

Running model pipeline for data fold 1...
/nas-ctm01/homes/jmalva/.conda/envs/lung_fusion_env/lib/python3.11/site-packages/skimage/feature/texture.py:385: UserWarning:

Applying `local_binary_pattern` to floating-point images may give unexpected results when small numerical differences between adjacent pixels are present. It is recommended to use this function with images of integer dtype.

...model pipeline for data fold 1 has run!

Running model pipeline for data fold 2...
/nas-ctm01/homes/jmalva/.conda/envs/lung_fusion_env/lib/python3.11/site-packages/skimage/feature/texture.py:385: UserWarning:

Applying `local_binary_pattern` to floating-point images may give unexpected results when small numerical differences between adjacent pixels are present. It is recommended to use this function with images of integer dtype.

...model pipeline for data fold 2 has run!

Running model pipeline for data fold 3...
/nas-ctm01/homes/jmalva/.conda/envs/lung_fusion_env/lib/python3.11/site-packages/skimage/feature/texture.py:385: UserWarning:

Applying `local_binary_pattern` to floating-point images may give unexpected results when small numerical differences between adjacent pixels are present. It is recommended to use this function with images of integer dtype.

...model pipeline for data fold 3 has run!

Running model pipeline for data fold 4...
/nas-ctm01/homes/jmalva/.conda/envs/lung_fusion_env/lib/python3.11/site-packages/skimage/feature/texture.py:385: UserWarning:

Applying `local_binary_pattern` to floating-point images may give unexpected results when small numerical differences between adjacent pixels are present. It is recommended to use this function with images of integer dtype.

...model pipeline for data fold 4 has run!

Running model pipeline for data fold 5...
/nas-ctm01/homes/jmalva/.conda/envs/lung_fusion_env/lib/python3.11/site-packages/skimage/feature/texture.py:385: UserWarning:

Applying `local_binary_pattern` to floating-point images may give unexpected results when small numerical differences between adjacent pixels are present. It is recommended to use this function with images of integer dtype.

...model pipeline for data fold 5 has run!

**************************************************  Experiment 6 | Version 20 **************************************************

Running model pipeline for data fold 1...
/nas-ctm01/homes/jmalva/.conda/envs/lung_fusion_env/lib/python3.11/site-packages/skimage/feature/texture.py:385: UserWarning:

Applying `local_binary_pattern` to floating-point images may give unexpected results when small numerical differences between adjacent pixels are present. It is recommended to use this function with images of integer dtype.

...model pipeline for data fold 1 has run!

Running model pipeline for data fold 2...
/nas-ctm01/homes/jmalva/.conda/envs/lung_fusion_env/lib/python3.11/site-packages/skimage/feature/texture.py:385: UserWarning:

Applying `local_binary_pattern` to floating-point images may give unexpected results when small numerical differences between adjacent pixels are present. It is recommended to use this function with images of integer dtype.

...model pipeline for data fold 2 has run!

Running model pipeline for data fold 3...
/nas-ctm01/homes/jmalva/.conda/envs/lung_fusion_env/lib/python3.11/site-packages/skimage/feature/texture.py:385: UserWarning:

Applying `local_binary_pattern` to floating-point images may give unexpected results when small numerical differences between adjacent pixels are present. It is recommended to use this function with images of integer dtype.

...model pipeline for data fold 3 has run!

Running model pipeline for data fold 4...
/nas-ctm01/homes/jmalva/.conda/envs/lung_fusion_env/lib/python3.11/site-packages/skimage/feature/texture.py:385: UserWarning:

Applying `local_binary_pattern` to floating-point images may give unexpected results when small numerical differences between adjacent pixels are present. It is recommended to use this function with images of integer dtype.

...model pipeline for data fold 4 has run!

Running model pipeline for data fold 5...
/nas-ctm01/homes/jmalva/.conda/envs/lung_fusion_env/lib/python3.11/site-packages/skimage/feature/texture.py:385: UserWarning:

Applying `local_binary_pattern` to floating-point images may give unexpected results when small numerical differences between adjacent pixels are present. It is recommended to use this function with images of integer dtype.

...model pipeline for data fold 5 has run!

**************************************************  Experiment 6 | Version 21 **************************************************

Running model pipeline for data fold 1...
/nas-ctm01/homes/jmalva/.conda/envs/lung_fusion_env/lib/python3.11/site-packages/skimage/feature/texture.py:385: UserWarning:

Applying `local_binary_pattern` to floating-point images may give unexpected results when small numerical differences between adjacent pixels are present. It is recommended to use this function with images of integer dtype.

...model pipeline for data fold 1 has run!

Running model pipeline for data fold 2...
/nas-ctm01/homes/jmalva/.conda/envs/lung_fusion_env/lib/python3.11/site-packages/skimage/feature/texture.py:385: UserWarning:

Applying `local_binary_pattern` to floating-point images may give unexpected results when small numerical differences between adjacent pixels are present. It is recommended to use this function with images of integer dtype.

...model pipeline for data fold 2 has run!

Running model pipeline for data fold 3...
/nas-ctm01/homes/jmalva/.conda/envs/lung_fusion_env/lib/python3.11/site-packages/skimage/feature/texture.py:385: UserWarning:

Applying `local_binary_pattern` to floating-point images may give unexpected results when small numerical differences between adjacent pixels are present. It is recommended to use this function with images of integer dtype.

...model pipeline for data fold 3 has run!

Running model pipeline for data fold 4...
/nas-ctm01/homes/jmalva/.conda/envs/lung_fusion_env/lib/python3.11/site-packages/skimage/feature/texture.py:385: UserWarning:

Applying `local_binary_pattern` to floating-point images may give unexpected results when small numerical differences between adjacent pixels are present. It is recommended to use this function with images of integer dtype.

...model pipeline for data fold 4 has run!

Running model pipeline for data fold 5...
/nas-ctm01/homes/jmalva/.conda/envs/lung_fusion_env/lib/python3.11/site-packages/skimage/feature/texture.py:385: UserWarning:

Applying `local_binary_pattern` to floating-point images may give unexpected results when small numerical differences between adjacent pixels are present. It is recommended to use this function with images of integer dtype.

...model pipeline for data fold 5 has run!

**************************************************  Experiment 6 | Version 22 **************************************************

Running model pipeline for data fold 1...
/nas-ctm01/homes/jmalva/.conda/envs/lung_fusion_env/lib/python3.11/site-packages/skimage/feature/texture.py:385: UserWarning:

Applying `local_binary_pattern` to floating-point images may give unexpected results when small numerical differences between adjacent pixels are present. It is recommended to use this function with images of integer dtype.

...model pipeline for data fold 1 has run!

Running model pipeline for data fold 2...
/nas-ctm01/homes/jmalva/.conda/envs/lung_fusion_env/lib/python3.11/site-packages/skimage/feature/texture.py:385: UserWarning:

Applying `local_binary_pattern` to floating-point images may give unexpected results when small numerical differences between adjacent pixels are present. It is recommended to use this function with images of integer dtype.

...model pipeline for data fold 2 has run!

Running model pipeline for data fold 3...
/nas-ctm01/homes/jmalva/.conda/envs/lung_fusion_env/lib/python3.11/site-packages/skimage/feature/texture.py:385: UserWarning:

Applying `local_binary_pattern` to floating-point images may give unexpected results when small numerical differences between adjacent pixels are present. It is recommended to use this function with images of integer dtype.

...model pipeline for data fold 3 has run!

Running model pipeline for data fold 4...
/nas-ctm01/homes/jmalva/.conda/envs/lung_fusion_env/lib/python3.11/site-packages/skimage/feature/texture.py:385: UserWarning:

Applying `local_binary_pattern` to floating-point images may give unexpected results when small numerical differences between adjacent pixels are present. It is recommended to use this function with images of integer dtype.

...model pipeline for data fold 4 has run!

Running model pipeline for data fold 5...
/nas-ctm01/homes/jmalva/.conda/envs/lung_fusion_env/lib/python3.11/site-packages/skimage/feature/texture.py:385: UserWarning:

Applying `local_binary_pattern` to floating-point images may give unexpected results when small numerical differences between adjacent pixels are present. It is recommended to use this function with images of integer dtype.

...model pipeline for data fold 5 has run!

**************************************************  Experiment 6 | Version 23 **************************************************

Running model pipeline for data fold 1...
/nas-ctm01/homes/jmalva/.conda/envs/lung_fusion_env/lib/python3.11/site-packages/skimage/feature/texture.py:385: UserWarning:

Applying `local_binary_pattern` to floating-point images may give unexpected results when small numerical differences between adjacent pixels are present. It is recommended to use this function with images of integer dtype.

...model pipeline for data fold 1 has run!

Running model pipeline for data fold 2...
/nas-ctm01/homes/jmalva/.conda/envs/lung_fusion_env/lib/python3.11/site-packages/skimage/feature/texture.py:385: UserWarning:

Applying `local_binary_pattern` to floating-point images may give unexpected results when small numerical differences between adjacent pixels are present. It is recommended to use this function with images of integer dtype.

...model pipeline for data fold 2 has run!

Running model pipeline for data fold 3...
/nas-ctm01/homes/jmalva/.conda/envs/lung_fusion_env/lib/python3.11/site-packages/skimage/feature/texture.py:385: UserWarning:

Applying `local_binary_pattern` to floating-point images may give unexpected results when small numerical differences between adjacent pixels are present. It is recommended to use this function with images of integer dtype.

...model pipeline for data fold 3 has run!

Running model pipeline for data fold 4...
/nas-ctm01/homes/jmalva/.conda/envs/lung_fusion_env/lib/python3.11/site-packages/skimage/feature/texture.py:385: UserWarning:

Applying `local_binary_pattern` to floating-point images may give unexpected results when small numerical differences between adjacent pixels are present. It is recommended to use this function with images of integer dtype.

...model pipeline for data fold 4 has run!

Running model pipeline for data fold 5...
/nas-ctm01/homes/jmalva/.conda/envs/lung_fusion_env/lib/python3.11/site-packages/skimage/feature/texture.py:385: UserWarning:

Applying `local_binary_pattern` to floating-point images may give unexpected results when small numerical differences between adjacent pixels are present. It is recommended to use this function with images of integer dtype.

...model pipeline for data fold 5 has run!

**************************************************  Experiment 6 | Version 24 **************************************************

Running model pipeline for data fold 1...
/nas-ctm01/homes/jmalva/.conda/envs/lung_fusion_env/lib/python3.11/site-packages/skimage/feature/texture.py:385: UserWarning:

Applying `local_binary_pattern` to floating-point images may give unexpected results when small numerical differences between adjacent pixels are present. It is recommended to use this function with images of integer dtype.

...model pipeline for data fold 1 has run!

Running model pipeline for data fold 2...
/nas-ctm01/homes/jmalva/.conda/envs/lung_fusion_env/lib/python3.11/site-packages/skimage/feature/texture.py:385: UserWarning:

Applying `local_binary_pattern` to floating-point images may give unexpected results when small numerical differences between adjacent pixels are present. It is recommended to use this function with images of integer dtype.

...model pipeline for data fold 2 has run!

Running model pipeline for data fold 3...
/nas-ctm01/homes/jmalva/.conda/envs/lung_fusion_env/lib/python3.11/site-packages/skimage/feature/texture.py:385: UserWarning:

Applying `local_binary_pattern` to floating-point images may give unexpected results when small numerical differences between adjacent pixels are present. It is recommended to use this function with images of integer dtype.

...model pipeline for data fold 3 has run!

Running model pipeline for data fold 4...
/nas-ctm01/homes/jmalva/.conda/envs/lung_fusion_env/lib/python3.11/site-packages/skimage/feature/texture.py:385: UserWarning:

Applying `local_binary_pattern` to floating-point images may give unexpected results when small numerical differences between adjacent pixels are present. It is recommended to use this function with images of integer dtype.

...model pipeline for data fold 4 has run!

Running model pipeline for data fold 5...
/nas-ctm01/homes/jmalva/.conda/envs/lung_fusion_env/lib/python3.11/site-packages/skimage/feature/texture.py:385: UserWarning:

Applying `local_binary_pattern` to floating-point images may give unexpected results when small numerical differences between adjacent pixels are present. It is recommended to use this function with images of integer dtype.

...model pipeline for data fold 5 has run!

**************************************************  Experiment 6 | Version 25 **************************************************

Running model pipeline for data fold 1...
/nas-ctm01/homes/jmalva/.conda/envs/lung_fusion_env/lib/python3.11/site-packages/skimage/feature/texture.py:385: UserWarning:

Applying `local_binary_pattern` to floating-point images may give unexpected results when small numerical differences between adjacent pixels are present. It is recommended to use this function with images of integer dtype.

...model pipeline for data fold 1 has run!

Running model pipeline for data fold 2...
/nas-ctm01/homes/jmalva/.conda/envs/lung_fusion_env/lib/python3.11/site-packages/skimage/feature/texture.py:385: UserWarning:

Applying `local_binary_pattern` to floating-point images may give unexpected results when small numerical differences between adjacent pixels are present. It is recommended to use this function with images of integer dtype.

...model pipeline for data fold 2 has run!

Running model pipeline for data fold 3...
/nas-ctm01/homes/jmalva/.conda/envs/lung_fusion_env/lib/python3.11/site-packages/skimage/feature/texture.py:385: UserWarning:

Applying `local_binary_pattern` to floating-point images may give unexpected results when small numerical differences between adjacent pixels are present. It is recommended to use this function with images of integer dtype.

...model pipeline for data fold 3 has run!

Running model pipeline for data fold 4...
/nas-ctm01/homes/jmalva/.conda/envs/lung_fusion_env/lib/python3.11/site-packages/skimage/feature/texture.py:385: UserWarning:

Applying `local_binary_pattern` to floating-point images may give unexpected results when small numerical differences between adjacent pixels are present. It is recommended to use this function with images of integer dtype.

...model pipeline for data fold 4 has run!

Running model pipeline for data fold 5...
/nas-ctm01/homes/jmalva/.conda/envs/lung_fusion_env/lib/python3.11/site-packages/skimage/feature/texture.py:385: UserWarning:

Applying `local_binary_pattern` to floating-point images may give unexpected results when small numerical differences between adjacent pixels are present. It is recommended to use this function with images of integer dtype.

...model pipeline for data fold 5 has run!

**************************************************  Experiment 6 | Version 26 **************************************************

Running model pipeline for data fold 1...
/nas-ctm01/homes/jmalva/.conda/envs/lung_fusion_env/lib/python3.11/site-packages/skimage/feature/texture.py:385: UserWarning:

Applying `local_binary_pattern` to floating-point images may give unexpected results when small numerical differences between adjacent pixels are present. It is recommended to use this function with images of integer dtype.

...model pipeline for data fold 1 has run!

Running model pipeline for data fold 2...
/nas-ctm01/homes/jmalva/.conda/envs/lung_fusion_env/lib/python3.11/site-packages/skimage/feature/texture.py:385: UserWarning:

Applying `local_binary_pattern` to floating-point images may give unexpected results when small numerical differences between adjacent pixels are present. It is recommended to use this function with images of integer dtype.

...model pipeline for data fold 2 has run!

Running model pipeline for data fold 3...
/nas-ctm01/homes/jmalva/.conda/envs/lung_fusion_env/lib/python3.11/site-packages/skimage/feature/texture.py:385: UserWarning:

Applying `local_binary_pattern` to floating-point images may give unexpected results when small numerical differences between adjacent pixels are present. It is recommended to use this function with images of integer dtype.

...model pipeline for data fold 3 has run!

Running model pipeline for data fold 4...
/nas-ctm01/homes/jmalva/.conda/envs/lung_fusion_env/lib/python3.11/site-packages/skimage/feature/texture.py:385: UserWarning:

Applying `local_binary_pattern` to floating-point images may give unexpected results when small numerical differences between adjacent pixels are present. It is recommended to use this function with images of integer dtype.

...model pipeline for data fold 4 has run!

Running model pipeline for data fold 5...
/nas-ctm01/homes/jmalva/.conda/envs/lung_fusion_env/lib/python3.11/site-packages/skimage/feature/texture.py:385: UserWarning:

Applying `local_binary_pattern` to floating-point images may give unexpected results when small numerical differences between adjacent pixels are present. It is recommended to use this function with images of integer dtype.

...model pipeline for data fold 5 has run!

**************************************************  Experiment 6 | Version 27 **************************************************

Running model pipeline for data fold 1...
/nas-ctm01/homes/jmalva/.conda/envs/lung_fusion_env/lib/python3.11/site-packages/skimage/feature/texture.py:385: UserWarning:

Applying `local_binary_pattern` to floating-point images may give unexpected results when small numerical differences between adjacent pixels are present. It is recommended to use this function with images of integer dtype.

...model pipeline for data fold 1 has run!

Running model pipeline for data fold 2...
/nas-ctm01/homes/jmalva/.conda/envs/lung_fusion_env/lib/python3.11/site-packages/skimage/feature/texture.py:385: UserWarning:

Applying `local_binary_pattern` to floating-point images may give unexpected results when small numerical differences between adjacent pixels are present. It is recommended to use this function with images of integer dtype.

...model pipeline for data fold 2 has run!

Running model pipeline for data fold 3...
/nas-ctm01/homes/jmalva/.conda/envs/lung_fusion_env/lib/python3.11/site-packages/skimage/feature/texture.py:385: UserWarning:

Applying `local_binary_pattern` to floating-point images may give unexpected results when small numerical differences between adjacent pixels are present. It is recommended to use this function with images of integer dtype.

...model pipeline for data fold 3 has run!

Running model pipeline for data fold 4...
/nas-ctm01/homes/jmalva/.conda/envs/lung_fusion_env/lib/python3.11/site-packages/skimage/feature/texture.py:385: UserWarning:

Applying `local_binary_pattern` to floating-point images may give unexpected results when small numerical differences between adjacent pixels are present. It is recommended to use this function with images of integer dtype.

...model pipeline for data fold 4 has run!

Running model pipeline for data fold 5...
/nas-ctm01/homes/jmalva/.conda/envs/lung_fusion_env/lib/python3.11/site-packages/skimage/feature/texture.py:385: UserWarning:

Applying `local_binary_pattern` to floating-point images may give unexpected results when small numerical differences between adjacent pixels are present. It is recommended to use this function with images of integer dtype.

...model pipeline for data fold 5 has run!
